[15:37:31] - WEB server listening on port  3000

[15:37:31] - SockeIO on port 3003

[15:38:23] - WEB server listening on port  3000

[15:38:23] - SockeIO on port 3003

[15:39:47] - WEB server listening on port  3000

[15:39:47] - SockeIO on port 3003

[15:40:28] - restoreConfig bra.html

[15:40:28] - AAA


[15:41:26] - restoreConfig Models.js

[15:41:26] - AAA


[15:41:29] - restart

[15:41:29] - AAA


[15:41:30] - reboot

[15:41:30] - AAA


[15:41:36] - Uploading: bra.html

[15:42:58] - Uploading: agre-signaltec.pdf

[16:22:11] - WEB server listening on port  3000

[16:22:11] - SockeIO on port 3003

[16:22:38] - restart

[16:22:38] - AAA


[16:23:04] - Uploading: triangle.png

[16:24:43] - WEB server listening on port  3000

[16:24:43] - SockeIO on port 3003

[16:26:41] - WEB server listening on port  3000

[16:26:41] - SockeIO on port 3003

[16:30:19] - WEB server listening on port  3000

[16:30:19] - SockeIO on port 3003

[16:30:21] - restart

[16:30:21] - AAA


[16:30:22] - reboot

[16:30:22] - AAA


[16:30:29] - Uploading: agre-screens-en.png

[16:30:46] - WEB server listening on port  3000

[16:30:46] - SockeIO on port 3003

[16:30:54] - Uploading: bra.html

[16:30:54] - AAA


[16:31:25] - WEB server listening on port  3000

[16:31:25] - SockeIO on port 3003

[16:33:30] - WEB server listening on port  3000

[16:33:30] - SockeIO on port 3003

[16:33:47] - WEB server listening on port  3000

[16:33:47] - SockeIO on port 3003

[16:34:06] - Uploading: bra.html

[16:34:06] - AAA


[16:34:16] - Uploading: rights.masks

[16:34:16] - AAA


[16:35:34] - WEB server listening on port  3000

[16:35:34] - SockeIO on port 3003

[16:35:40] - restart

[16:35:40] - AAA


[16:35:42] - reboot

[16:35:42] - AAA


[16:35:46] - restart

[16:35:46] - AAA


[16:35:46] - reboot

[16:35:46] - AAA


[16:35:49] - restoreConfig agre-screens-en.png

[16:35:49] - AAA


[16:35:56] - Uploading: bra.html

[16:35:56] - AAA


[16:36:20] - restart

[16:36:20] - AAA


[16:36:21] - reboot

[16:36:21] - AAA


[16:36:25] - restoreConfig agre-screens-en.png

[16:36:25] - AAA


[16:36:33] - Uploading: rights.masks

[16:36:33] - AAA


[16:37:56] - Uploading: bra.html

[16:37:56] - AAA


[16:38:33] - Uploading: rights.masks

[16:38:33] - AAA


[17:04:26] - WEB server listening on port  3000

[17:04:26] - SockeIO on port 3003

